<?xml version="1.0" encoding="UTF-8"?>
<!-- Generated by org.testng.reporters.JUnitReportReporter -->
<testsuite hostname="DESKTOP-9CC8H0S" failures="0" tests="1" name="com.rest.qa.deleteAPI.DeleteAPITest" time="2.438" errors="0" timestamp="06 Jun 2023 21:05:08 GMT" skipped="0">
  <testcase classname="com.rest.qa.deleteAPI.DeleteAPITest" name="deleteAPITest" time="2.438"/>
</testsuite> <!-- com.rest.qa.deleteAPI.DeleteAPITest -->
