<?xml version="1.0" encoding="UTF-8"?>
<!-- Generated by org.testng.reporters.JUnitReportReporter -->
<testsuite hostname="DESKTOP-9CC8H0S" failures="0" tests="2" name="com.rest.qa.postAPI.PostAPIBDDTest" time="2.257" errors="0" timestamp="02 Jun 2023 04:15:05 GMT" skipped="0">
  <testcase classname="com.rest.qa.postAPI.PostAPIBDDTest" name="postAPITestFile_02" time="1.914"/>
  <testcase classname="com.rest.qa.postAPI.PostAPIBDDTest" name="postAPITest_01" time="0.343"/>
</testsuite> <!-- com.rest.qa.postAPI.PostAPIBDDTest -->
