<?xml version="1.0" encoding="UTF-8"?>
<!-- Generated by org.testng.reporters.JUnitReportReporter -->
<testsuite hostname="DESKTOP-9CC8H0S" failures="0" tests="1" name="com.rest.qa.postAPI.POSTAPI_BDD_POJO_Test" time="3.119" errors="0" timestamp="05 Jun 2023 16:12:18 GMT" skipped="0">
  <testcase classname="com.rest.qa.postAPI.POSTAPI_BDD_POJO_Test" name="bookingPostAPIBDDTest_POJO" time="3.119"/>
</testsuite> <!-- com.rest.qa.postAPI.POSTAPI_BDD_POJO_Test -->
