<?xml version="1.0" encoding="UTF-8"?>
<!-- Generated by org.testng.reporters.JUnitReportReporter -->
<testsuite hostname="DESKTOP-9CC8H0S" failures="0" tests="1" name="com.rest.qa.putAPI.PutAPIBDD_Test" time="3.115" errors="0" timestamp="04 Jul 2023 01:24:21 GMT" skipped="0">
  <testcase classname="com.rest.qa.putAPI.PutAPIBDD_Test" name="putAPIBDDTest" time="3.115"/>
</testsuite> <!-- com.rest.qa.putAPI.PutAPIBDD_Test -->
