<?xml version="1.0" encoding="UTF-8"?>
<!-- Generated by org.testng.reporters.JUnitReportReporter -->
<testsuite hostname="DESKTOP-9CC8H0S" failures="0" tests="2" name="com.rest.qa.postAPI.PostAPIBDDTest" time="1.052" errors="0" timestamp="04 Jun 2023 22:12:02 GMT" skipped="0">
  <testcase classname="com.rest.qa.postAPI.PostAPIBDDTest" name="tokenPostAPITest_File_02" time="0.325"/>
  <testcase classname="com.rest.qa.postAPI.PostAPIBDDTest" name="tokenPostAPITest_01" time="0.727"/>
</testsuite> <!-- com.rest.qa.postAPI.PostAPIBDDTest -->
